2025-05-26 22:03:27 [main] INFO  com.lucas.worker.WorkerApplication - Starting WorkerApplication using Java 21.0.7 with PID 60916 (/Users/phuclequang/Documents/2-ATM/DemoRedisKafka/Worker/target/classes started by phuclequang in /Users/phuclequang/Documents/2-ATM/DemoRedisKafka)
2025-05-26 22:03:27 [main] INFO  com.lucas.worker.WorkerApplication - No active profile set, falling back to 1 default profile: "default"
2025-05-26 22:03:27 [main] INFO  org.springframework.data.repository.config.RepositoryConfigurationDelegate - Multiple Spring Data modules found, entering strict repository configuration mode
2025-05-26 22:03:27 [main] INFO  org.springframework.data.repository.config.RepositoryConfigurationDelegate - Bootstrapping Spring Data JPA repositories in DEFAULT mode.
2025-05-26 22:03:27 [main] INFO  org.springframework.data.repository.config.RepositoryConfigurationDelegate - Finished Spring Data repository scanning in 5 ms. Found 0 JPA repository interfaces.
2025-05-26 22:03:27 [main] INFO  org.springframework.data.repository.config.RepositoryConfigurationDelegate - Multiple Spring Data modules found, entering strict repository configuration mode
2025-05-26 22:03:27 [main] INFO  org.springframework.data.repository.config.RepositoryConfigurationDelegate - Bootstrapping Spring Data Redis repositories in DEFAULT mode.
2025-05-26 22:03:27 [main] INFO  org.springframework.data.repository.config.RepositoryConfigurationDelegate - Finished Spring Data repository scanning in 0 ms. Found 0 Redis repository interfaces.
2025-05-26 22:03:27 [main] INFO  org.springframework.boot.web.embedded.tomcat.TomcatWebServer - Tomcat initialized with port 8888 (http)
2025-05-26 22:03:27 [main] INFO  org.apache.coyote.http11.Http11NioProtocol - Initializing ProtocolHandler ["http-nio-8888"]
2025-05-26 22:03:27 [main] INFO  org.apache.catalina.core.StandardService - Starting service [Tomcat]
2025-05-26 22:03:27 [main] INFO  org.apache.catalina.core.StandardEngine - Starting Servlet engine: [Apache Tomcat/10.1.40]
2025-05-26 22:03:27 [main] INFO  org.apache.catalina.core.ContainerBase.[Tomcat].[localhost].[/] - Initializing Spring embedded WebApplicationContext
2025-05-26 22:03:27 [main] INFO  org.springframework.boot.web.servlet.context.ServletWebServerApplicationContext - Root WebApplicationContext: initialization completed in 504 ms
2025-05-26 22:03:27 [main] INFO  org.hibernate.jpa.internal.util.LogHelper - HHH000204: Processing PersistenceUnitInfo [name: default]
2025-05-26 22:03:27 [main] INFO  org.hibernate.Version - HHH000412: Hibernate ORM core version 6.6.13.Final
2025-05-26 22:03:27 [main] INFO  org.hibernate.cache.internal.RegionFactoryInitiator - HHH000026: Second-level cache disabled
2025-05-26 22:03:27 [main] INFO  org.springframework.orm.jpa.persistenceunit.SpringPersistenceUnitInfo - No LoadTimeWeaver setup: ignoring JPA class transformer
2025-05-26 22:03:27 [main] INFO  com.zaxxer.hikari.HikariDataSource - HikariPool-1 - Starting...
2025-05-26 22:03:28 [main] INFO  com.zaxxer.hikari.pool.HikariPool - HikariPool-1 - Added connection com.mysql.cj.jdbc.ConnectionImpl@40db6136
2025-05-26 22:03:28 [main] INFO  com.zaxxer.hikari.HikariDataSource - HikariPool-1 - Start completed.
2025-05-26 22:03:28 [main] WARN  org.hibernate.orm.deprecation - HHH90000025: MySQLDialect does not need to be specified explicitly using 'hibernate.dialect' (remove the property setting and it will be selected by default)
2025-05-26 22:03:28 [main] INFO  org.hibernate.orm.connections.pooling - HHH10001005: Database info:
	Database JDBC URL [Connecting through datasource 'HikariDataSource (HikariPool-1)']
	Database driver: undefined/unknown
	Database version: 8.0.42
	Autocommit mode: undefined/unknown
	Isolation level: undefined/unknown
	Minimum pool size: undefined/unknown
	Maximum pool size: undefined/unknown
2025-05-26 22:03:28 [main] INFO  org.hibernate.engine.transaction.jta.platform.internal.JtaPlatformInitiator - HHH000489: No JTA platform available (set 'hibernate.transaction.jta.platform' to enable JTA platform integration)
2025-05-26 22:03:28 [main] INFO  org.springframework.orm.jpa.LocalContainerEntityManagerFactoryBean - Initialized JPA EntityManagerFactory for persistence unit 'default'
2025-05-26 22:03:28 [main] WARN  org.springframework.boot.autoconfigure.orm.jpa.JpaBaseConfiguration$JpaWebConfiguration - spring.jpa.open-in-view is enabled by default. Therefore, database queries may be performed during view rendering. Explicitly configure spring.jpa.open-in-view to disable this warning
2025-05-26 22:03:28 [main] INFO  org.apache.coyote.http11.Http11NioProtocol - Starting ProtocolHandler ["http-nio-8888"]
2025-05-26 22:03:28 [main] INFO  org.springframework.boot.web.embedded.tomcat.TomcatWebServer - Tomcat started on port 8888 (http) with context path '/'
2025-05-26 22:03:28 [main] INFO  org.apache.kafka.clients.consumer.ConsumerConfig - ConsumerConfig values: 
	allow.auto.create.topics = true
	auto.commit.interval.ms = 100
	auto.include.jmx.reporter = true
	auto.offset.reset = earliest
	bootstrap.servers = [192.168.100.228:9193]
	check.crcs = true
	client.dns.lookup = use_all_dns_ips
	client.id = consumer-demoRedisKafka-1
	client.rack = 
	connections.max.idle.ms = 540000
	default.api.timeout.ms = 60000
	enable.auto.commit = false
	enable.metrics.push = true
	exclude.internal.topics = true
	fetch.max.bytes = 52428800
	fetch.max.wait.ms = 500
	fetch.min.bytes = 1
	group.id = demoRedisKafka
	group.instance.id = null
	group.protocol = classic
	group.remote.assignor = null
	heartbeat.interval.ms = 3000
	interceptor.classes = []
	internal.leave.group.on.close = true
	internal.throw.on.fetch.stable.offset.unsupported = false
	isolation.level = read_uncommitted
	key.deserializer = class org.apache.kafka.common.serialization.StringDeserializer
	max.partition.fetch.bytes = 1048576
	max.poll.interval.ms = 300000
	max.poll.records = 500
	metadata.max.age.ms = 300000
	metadata.recovery.strategy = none
	metric.reporters = []
	metrics.num.samples = 2
	metrics.recording.level = INFO
	metrics.sample.window.ms = 30000
	partition.assignment.strategy = [class org.apache.kafka.clients.consumer.RangeAssignor, class org.apache.kafka.clients.consumer.CooperativeStickyAssignor]
	receive.buffer.bytes = 65536
	reconnect.backoff.max.ms = 1000
	reconnect.backoff.ms = 50
	request.timeout.ms = 30000
	retry.backoff.max.ms = 1000
	retry.backoff.ms = 100
	sasl.client.callback.handler.class = null
	sasl.jaas.config = null
	sasl.kerberos.kinit.cmd = /usr/bin/kinit
	sasl.kerberos.min.time.before.relogin = 60000
	sasl.kerberos.service.name = null
	sasl.kerberos.ticket.renew.jitter = 0.05
	sasl.kerberos.ticket.renew.window.factor = 0.8
	sasl.login.callback.handler.class = null
	sasl.login.class = null
	sasl.login.connect.timeout.ms = null
	sasl.login.read.timeout.ms = null
	sasl.login.refresh.buffer.seconds = 300
	sasl.login.refresh.min.period.seconds = 60
	sasl.login.refresh.window.factor = 0.8
	sasl.login.refresh.window.jitter = 0.05
	sasl.login.retry.backoff.max.ms = 10000
	sasl.login.retry.backoff.ms = 100
	sasl.mechanism = GSSAPI
	sasl.oauthbearer.clock.skew.seconds = 30
	sasl.oauthbearer.expected.audience = null
	sasl.oauthbearer.expected.issuer = null
	sasl.oauthbearer.jwks.endpoint.refresh.ms = 3600000
	sasl.oauthbearer.jwks.endpoint.retry.backoff.max.ms = 10000
	sasl.oauthbearer.jwks.endpoint.retry.backoff.ms = 100
	sasl.oauthbearer.jwks.endpoint.url = null
	sasl.oauthbearer.scope.claim.name = scope
	sasl.oauthbearer.sub.claim.name = sub
	sasl.oauthbearer.token.endpoint.url = null
	security.protocol = PLAINTEXT
	security.providers = null
	send.buffer.bytes = 131072
	session.timeout.ms = 45000
	socket.connection.setup.timeout.max.ms = 30000
	socket.connection.setup.timeout.ms = 10000
	ssl.cipher.suites = null
	ssl.enabled.protocols = [TLSv1.2, TLSv1.3]
	ssl.endpoint.identification.algorithm = https
	ssl.engine.factory.class = null
	ssl.key.password = null
	ssl.keymanager.algorithm = SunX509
	ssl.keystore.certificate.chain = null
	ssl.keystore.key = null
	ssl.keystore.location = null
	ssl.keystore.password = null
	ssl.keystore.type = JKS
	ssl.protocol = TLSv1.3
	ssl.provider = null
	ssl.secure.random.implementation = null
	ssl.trustmanager.algorithm = PKIX
	ssl.truststore.certificates = null
	ssl.truststore.location = null
	ssl.truststore.password = null
	ssl.truststore.type = JKS
	value.deserializer = class org.springframework.kafka.support.serializer.JsonDeserializer

2025-05-26 22:03:28 [main] INFO  org.apache.kafka.common.telemetry.internals.KafkaMetricsCollector - initializing Kafka metrics collector
2025-05-26 22:03:29 [main] INFO  org.apache.kafka.common.utils.AppInfoParser - Kafka version: 3.8.1
2025-05-26 22:03:29 [main] INFO  org.apache.kafka.common.utils.AppInfoParser - Kafka commitId: 70d6ff42debf7e17
2025-05-26 22:03:29 [main] INFO  org.apache.kafka.common.utils.AppInfoParser - Kafka startTimeMs: 1748271809017
2025-05-26 22:03:29 [main] INFO  org.apache.kafka.clients.consumer.internals.LegacyKafkaConsumer - [Consumer clientId=consumer-demoRedisKafka-1, groupId=demoRedisKafka] Subscribed to topic(s): ACCOUNTS
2025-05-26 22:03:29 [main] INFO  com.lucas.worker.WorkerApplication - Started WorkerApplication in 2.043 seconds (process running for 2.722)
2025-05-26 22:03:29 [org.springframework.kafka.KafkaListenerEndpointContainer#0-0-C-1] INFO  org.apache.kafka.clients.Metadata - [Consumer clientId=consumer-demoRedisKafka-1, groupId=demoRedisKafka] Cluster ID: LelM2dIFQkiUFvXCEcqRWA
2025-05-26 22:03:29 [org.springframework.kafka.KafkaListenerEndpointContainer#0-0-C-1] INFO  org.apache.kafka.clients.consumer.internals.ConsumerCoordinator - [Consumer clientId=consumer-demoRedisKafka-1, groupId=demoRedisKafka] Discovered group coordinator 192.168.100.228:9193 (id: 2147483646 rack: null)
2025-05-26 22:03:29 [org.springframework.kafka.KafkaListenerEndpointContainer#0-0-C-1] INFO  org.apache.kafka.clients.consumer.internals.ConsumerCoordinator - [Consumer clientId=consumer-demoRedisKafka-1, groupId=demoRedisKafka] (Re-)joining group
2025-05-26 22:03:29 [org.springframework.kafka.KafkaListenerEndpointContainer#0-0-C-1] INFO  org.apache.kafka.clients.consumer.internals.ConsumerCoordinator - [Consumer clientId=consumer-demoRedisKafka-1, groupId=demoRedisKafka] Request joining group due to: need to re-join with the given member-id: consumer-demoRedisKafka-1-3e7ca005-626d-4ca9-a176-f9f76f351bd0
2025-05-26 22:03:29 [org.springframework.kafka.KafkaListenerEndpointContainer#0-0-C-1] INFO  org.apache.kafka.clients.consumer.internals.ConsumerCoordinator - [Consumer clientId=consumer-demoRedisKafka-1, groupId=demoRedisKafka] (Re-)joining group
2025-05-26 22:03:32 [org.springframework.kafka.KafkaListenerEndpointContainer#0-0-C-1] INFO  org.apache.kafka.clients.consumer.internals.ConsumerCoordinator - [Consumer clientId=consumer-demoRedisKafka-1, groupId=demoRedisKafka] Successfully joined group with generation Generation{generationId=83, memberId='consumer-demoRedisKafka-1-3e7ca005-626d-4ca9-a176-f9f76f351bd0', protocol='range'}
2025-05-26 22:03:32 [org.springframework.kafka.KafkaListenerEndpointContainer#0-0-C-1] INFO  org.apache.kafka.clients.consumer.internals.ConsumerCoordinator - [Consumer clientId=consumer-demoRedisKafka-1, groupId=demoRedisKafka] Finished assignment for group at generation 83: {consumer-demoRedisKafka-1-3e7ca005-626d-4ca9-a176-f9f76f351bd0=Assignment(partitions=[ACCOUNTS-0])}
2025-05-26 22:03:32 [org.springframework.kafka.KafkaListenerEndpointContainer#0-0-C-1] INFO  org.apache.kafka.clients.consumer.internals.ConsumerCoordinator - [Consumer clientId=consumer-demoRedisKafka-1, groupId=demoRedisKafka] Successfully synced group in generation Generation{generationId=83, memberId='consumer-demoRedisKafka-1-3e7ca005-626d-4ca9-a176-f9f76f351bd0', protocol='range'}
2025-05-26 22:03:32 [org.springframework.kafka.KafkaListenerEndpointContainer#0-0-C-1] INFO  org.apache.kafka.clients.consumer.internals.ConsumerCoordinator - [Consumer clientId=consumer-demoRedisKafka-1, groupId=demoRedisKafka] Notifying assignor about the new Assignment(partitions=[ACCOUNTS-0])
2025-05-26 22:03:32 [org.springframework.kafka.KafkaListenerEndpointContainer#0-0-C-1] INFO  org.apache.kafka.clients.consumer.internals.ConsumerRebalanceListenerInvoker - [Consumer clientId=consumer-demoRedisKafka-1, groupId=demoRedisKafka] Adding newly assigned partitions: ACCOUNTS-0
2025-05-26 22:03:32 [org.springframework.kafka.KafkaListenerEndpointContainer#0-0-C-1] INFO  org.apache.kafka.clients.consumer.internals.ConsumerUtils - Setting offset for partition ACCOUNTS-0 to the committed offset FetchPosition{offset=11, offsetEpoch=Optional.empty, currentLeader=LeaderAndEpoch{leader=Optional[192.168.100.228:9193 (id: 1 rack: null)], epoch=36}}
2025-05-26 22:03:32 [org.springframework.kafka.KafkaListenerEndpointContainer#0-0-C-1] INFO  org.springframework.kafka.listener.KafkaMessageListenerContainer - demoRedisKafka: partitions assigned: [ACCOUNTS-0]
2025-05-26 22:03:50 [org.springframework.kafka.KafkaListenerEndpointContainer#0-0-C-1] INFO  org.apache.kafka.clients.consumer.internals.ConsumerRebalanceListenerInvoker - [Consumer clientId=consumer-demoRedisKafka-1, groupId=demoRedisKafka] Revoke previously assigned partitions ACCOUNTS-0
2025-05-26 22:03:50 [org.springframework.kafka.KafkaListenerEndpointContainer#0-0-C-1] INFO  org.springframework.kafka.listener.KafkaMessageListenerContainer - demoRedisKafka: partitions revoked: [ACCOUNTS-0]
2025-05-26 22:03:50 [org.springframework.kafka.KafkaListenerEndpointContainer#0-0-C-1] INFO  org.apache.kafka.clients.consumer.internals.ConsumerCoordinator - [Consumer clientId=consumer-demoRedisKafka-1, groupId=demoRedisKafka] Member consumer-demoRedisKafka-1-3e7ca005-626d-4ca9-a176-f9f76f351bd0 sending LeaveGroup request to coordinator 192.168.100.228:9193 (id: 2147483646 rack: null) due to the consumer unsubscribed from all topics
2025-05-26 22:03:50 [org.springframework.kafka.KafkaListenerEndpointContainer#0-0-C-1] INFO  org.apache.kafka.clients.consumer.internals.ConsumerCoordinator - [Consumer clientId=consumer-demoRedisKafka-1, groupId=demoRedisKafka] Resetting generation and member id due to: consumer pro-actively leaving the group
2025-05-26 22:03:50 [org.springframework.kafka.KafkaListenerEndpointContainer#0-0-C-1] INFO  org.apache.kafka.clients.consumer.internals.ConsumerCoordinator - [Consumer clientId=consumer-demoRedisKafka-1, groupId=demoRedisKafka] Request joining group due to: consumer pro-actively leaving the group
2025-05-26 22:03:50 [org.springframework.kafka.KafkaListenerEndpointContainer#0-0-C-1] INFO  org.apache.kafka.clients.consumer.internals.LegacyKafkaConsumer - [Consumer clientId=consumer-demoRedisKafka-1, groupId=demoRedisKafka] Unsubscribed all topics or patterns and assigned partitions
2025-05-26 22:03:50 [org.springframework.kafka.KafkaListenerEndpointContainer#0-0-C-1] INFO  org.apache.kafka.clients.consumer.internals.ConsumerCoordinator - [Consumer clientId=consumer-demoRedisKafka-1, groupId=demoRedisKafka] Resetting generation and member id due to: consumer pro-actively leaving the group
2025-05-26 22:03:50 [org.springframework.kafka.KafkaListenerEndpointContainer#0-0-C-1] INFO  org.apache.kafka.clients.consumer.internals.ConsumerCoordinator - [Consumer clientId=consumer-demoRedisKafka-1, groupId=demoRedisKafka] Request joining group due to: consumer pro-actively leaving the group
2025-05-26 22:03:50 [org.springframework.kafka.KafkaListenerEndpointContainer#0-0-C-1] INFO  org.apache.kafka.common.metrics.Metrics - Metrics scheduler closed
2025-05-26 22:03:50 [org.springframework.kafka.KafkaListenerEndpointContainer#0-0-C-1] INFO  org.apache.kafka.common.metrics.Metrics - Closing reporter org.apache.kafka.common.metrics.JmxReporter
2025-05-26 22:03:50 [org.springframework.kafka.KafkaListenerEndpointContainer#0-0-C-1] INFO  org.apache.kafka.common.metrics.Metrics - Closing reporter org.apache.kafka.common.telemetry.internals.ClientTelemetryReporter
2025-05-26 22:03:50 [org.springframework.kafka.KafkaListenerEndpointContainer#0-0-C-1] INFO  org.apache.kafka.common.metrics.Metrics - Metrics reporters closed
2025-05-26 22:03:50 [org.springframework.kafka.KafkaListenerEndpointContainer#0-0-C-1] INFO  org.apache.kafka.common.utils.AppInfoParser - App info kafka.consumer for consumer-demoRedisKafka-1 unregistered
2025-05-26 22:03:50 [org.springframework.kafka.KafkaListenerEndpointContainer#0-0-C-1] INFO  org.springframework.kafka.listener.KafkaMessageListenerContainer - demoRedisKafka: Consumer stopped
2025-05-26 22:03:50 [SpringApplicationShutdownHook] INFO  org.springframework.boot.web.embedded.tomcat.GracefulShutdown - Commencing graceful shutdown. Waiting for active requests to complete
2025-05-26 22:03:50 [tomcat-shutdown] INFO  org.springframework.boot.web.embedded.tomcat.GracefulShutdown - Graceful shutdown complete
2025-05-26 22:03:50 [SpringApplicationShutdownHook] INFO  org.springframework.orm.jpa.LocalContainerEntityManagerFactoryBean - Closing JPA EntityManagerFactory for persistence unit 'default'
2025-05-26 22:03:50 [SpringApplicationShutdownHook] INFO  com.zaxxer.hikari.HikariDataSource - HikariPool-1 - Shutdown initiated...
2025-05-26 22:03:50 [SpringApplicationShutdownHook] INFO  com.zaxxer.hikari.HikariDataSource - HikariPool-1 - Shutdown completed.
2025-05-26 22:04:40 [main] INFO  com.lucas.worker.WorkerApplication - Starting WorkerApplication using Java 21.0.7 with PID 61026 (/Users/phuclequang/Documents/2-ATM/DemoRedisKafka/Worker/target/classes started by phuclequang in /Users/phuclequang/Documents/2-ATM/DemoRedisKafka)
2025-05-26 22:04:40 [main] INFO  com.lucas.worker.WorkerApplication - No active profile set, falling back to 1 default profile: "default"
2025-05-26 22:04:40 [main] INFO  org.springframework.data.repository.config.RepositoryConfigurationDelegate - Multiple Spring Data modules found, entering strict repository configuration mode
2025-05-26 22:04:40 [main] INFO  org.springframework.data.repository.config.RepositoryConfigurationDelegate - Bootstrapping Spring Data JPA repositories in DEFAULT mode.
2025-05-26 22:04:40 [main] INFO  org.springframework.data.repository.config.RepositoryConfigurationDelegate - Finished Spring Data repository scanning in 5 ms. Found 0 JPA repository interfaces.
2025-05-26 22:04:40 [main] INFO  org.springframework.data.repository.config.RepositoryConfigurationDelegate - Multiple Spring Data modules found, entering strict repository configuration mode
2025-05-26 22:04:40 [main] INFO  org.springframework.data.repository.config.RepositoryConfigurationDelegate - Bootstrapping Spring Data Redis repositories in DEFAULT mode.
2025-05-26 22:04:40 [main] INFO  org.springframework.data.repository.config.RepositoryConfigurationDelegate - Finished Spring Data repository scanning in 0 ms. Found 0 Redis repository interfaces.
2025-05-26 22:04:40 [main] INFO  org.springframework.boot.web.embedded.tomcat.TomcatWebServer - Tomcat initialized with port 8888 (http)
2025-05-26 22:04:41 [main] INFO  org.apache.coyote.http11.Http11NioProtocol - Initializing ProtocolHandler ["http-nio-8888"]
2025-05-26 22:04:41 [main] INFO  org.apache.catalina.core.StandardService - Starting service [Tomcat]
2025-05-26 22:04:41 [main] INFO  org.apache.catalina.core.StandardEngine - Starting Servlet engine: [Apache Tomcat/10.1.40]
2025-05-26 22:04:41 [main] INFO  org.apache.catalina.core.ContainerBase.[Tomcat].[localhost].[/] - Initializing Spring embedded WebApplicationContext
2025-05-26 22:04:41 [main] INFO  org.springframework.boot.web.servlet.context.ServletWebServerApplicationContext - Root WebApplicationContext: initialization completed in 466 ms
2025-05-26 22:04:41 [main] INFO  org.hibernate.jpa.internal.util.LogHelper - HHH000204: Processing PersistenceUnitInfo [name: default]
2025-05-26 22:04:41 [main] INFO  org.hibernate.Version - HHH000412: Hibernate ORM core version 6.6.13.Final
2025-05-26 22:04:41 [main] INFO  org.hibernate.cache.internal.RegionFactoryInitiator - HHH000026: Second-level cache disabled
2025-05-26 22:04:41 [main] INFO  org.springframework.orm.jpa.persistenceunit.SpringPersistenceUnitInfo - No LoadTimeWeaver setup: ignoring JPA class transformer
2025-05-26 22:04:41 [main] INFO  com.zaxxer.hikari.HikariDataSource - HikariPool-1 - Starting...
2025-05-26 22:04:41 [main] INFO  com.zaxxer.hikari.pool.HikariPool - HikariPool-1 - Added connection com.mysql.cj.jdbc.ConnectionImpl@21ba0d33
2025-05-26 22:04:41 [main] INFO  com.zaxxer.hikari.HikariDataSource - HikariPool-1 - Start completed.
2025-05-26 22:04:41 [main] WARN  org.hibernate.orm.deprecation - HHH90000025: MySQLDialect does not need to be specified explicitly using 'hibernate.dialect' (remove the property setting and it will be selected by default)
2025-05-26 22:04:41 [main] INFO  org.hibernate.orm.connections.pooling - HHH10001005: Database info:
	Database JDBC URL [Connecting through datasource 'HikariDataSource (HikariPool-1)']
	Database driver: undefined/unknown
	Database version: 8.0.42
	Autocommit mode: undefined/unknown
	Isolation level: undefined/unknown
	Minimum pool size: undefined/unknown
	Maximum pool size: undefined/unknown
2025-05-26 22:04:41 [main] INFO  org.hibernate.engine.transaction.jta.platform.internal.JtaPlatformInitiator - HHH000489: No JTA platform available (set 'hibernate.transaction.jta.platform' to enable JTA platform integration)
2025-05-26 22:04:41 [main] INFO  org.springframework.orm.jpa.LocalContainerEntityManagerFactoryBean - Initialized JPA EntityManagerFactory for persistence unit 'default'
2025-05-26 22:04:41 [main] WARN  org.springframework.boot.autoconfigure.orm.jpa.JpaBaseConfiguration$JpaWebConfiguration - spring.jpa.open-in-view is enabled by default. Therefore, database queries may be performed during view rendering. Explicitly configure spring.jpa.open-in-view to disable this warning
2025-05-26 22:04:42 [main] INFO  org.apache.coyote.http11.Http11NioProtocol - Starting ProtocolHandler ["http-nio-8888"]
2025-05-26 22:04:42 [main] INFO  org.springframework.boot.web.embedded.tomcat.TomcatWebServer - Tomcat started on port 8888 (http) with context path '/'
2025-05-26 22:04:42 [main] INFO  org.apache.kafka.clients.consumer.ConsumerConfig - ConsumerConfig values: 
	allow.auto.create.topics = true
	auto.commit.interval.ms = 100
	auto.include.jmx.reporter = true
	auto.offset.reset = earliest
	bootstrap.servers = [192.168.100.228:9193]
	check.crcs = true
	client.dns.lookup = use_all_dns_ips
	client.id = consumer-demoRedisKafka-1
	client.rack = 
	connections.max.idle.ms = 540000
	default.api.timeout.ms = 60000
	enable.auto.commit = false
	enable.metrics.push = true
	exclude.internal.topics = true
	fetch.max.bytes = 52428800
	fetch.max.wait.ms = 500
	fetch.min.bytes = 1
	group.id = demoRedisKafka
	group.instance.id = null
	group.protocol = classic
	group.remote.assignor = null
	heartbeat.interval.ms = 3000
	interceptor.classes = []
	internal.leave.group.on.close = true
	internal.throw.on.fetch.stable.offset.unsupported = false
	isolation.level = read_uncommitted
	key.deserializer = class org.apache.kafka.common.serialization.StringDeserializer
	max.partition.fetch.bytes = 1048576
	max.poll.interval.ms = 300000
	max.poll.records = 500
	metadata.max.age.ms = 300000
	metadata.recovery.strategy = none
	metric.reporters = []
	metrics.num.samples = 2
	metrics.recording.level = INFO
	metrics.sample.window.ms = 30000
	partition.assignment.strategy = [class org.apache.kafka.clients.consumer.RangeAssignor, class org.apache.kafka.clients.consumer.CooperativeStickyAssignor]
	receive.buffer.bytes = 65536
	reconnect.backoff.max.ms = 1000
	reconnect.backoff.ms = 50
	request.timeout.ms = 30000
	retry.backoff.max.ms = 1000
	retry.backoff.ms = 100
	sasl.client.callback.handler.class = null
	sasl.jaas.config = null
	sasl.kerberos.kinit.cmd = /usr/bin/kinit
	sasl.kerberos.min.time.before.relogin = 60000
	sasl.kerberos.service.name = null
	sasl.kerberos.ticket.renew.jitter = 0.05
	sasl.kerberos.ticket.renew.window.factor = 0.8
	sasl.login.callback.handler.class = null
	sasl.login.class = null
	sasl.login.connect.timeout.ms = null
	sasl.login.read.timeout.ms = null
	sasl.login.refresh.buffer.seconds = 300
	sasl.login.refresh.min.period.seconds = 60
	sasl.login.refresh.window.factor = 0.8
	sasl.login.refresh.window.jitter = 0.05
	sasl.login.retry.backoff.max.ms = 10000
	sasl.login.retry.backoff.ms = 100
	sasl.mechanism = GSSAPI
	sasl.oauthbearer.clock.skew.seconds = 30
	sasl.oauthbearer.expected.audience = null
	sasl.oauthbearer.expected.issuer = null
	sasl.oauthbearer.jwks.endpoint.refresh.ms = 3600000
	sasl.oauthbearer.jwks.endpoint.retry.backoff.max.ms = 10000
	sasl.oauthbearer.jwks.endpoint.retry.backoff.ms = 100
	sasl.oauthbearer.jwks.endpoint.url = null
	sasl.oauthbearer.scope.claim.name = scope
	sasl.oauthbearer.sub.claim.name = sub
	sasl.oauthbearer.token.endpoint.url = null
	security.protocol = PLAINTEXT
	security.providers = null
	send.buffer.bytes = 131072
	session.timeout.ms = 45000
	socket.connection.setup.timeout.max.ms = 30000
	socket.connection.setup.timeout.ms = 10000
	ssl.cipher.suites = null
	ssl.enabled.protocols = [TLSv1.2, TLSv1.3]
	ssl.endpoint.identification.algorithm = https
	ssl.engine.factory.class = null
	ssl.key.password = null
	ssl.keymanager.algorithm = SunX509
	ssl.keystore.certificate.chain = null
	ssl.keystore.key = null
	ssl.keystore.location = null
	ssl.keystore.password = null
	ssl.keystore.type = JKS
	ssl.protocol = TLSv1.3
	ssl.provider = null
	ssl.secure.random.implementation = null
	ssl.trustmanager.algorithm = PKIX
	ssl.truststore.certificates = null
	ssl.truststore.location = null
	ssl.truststore.password = null
	ssl.truststore.type = JKS
	value.deserializer = class org.springframework.kafka.support.serializer.JsonDeserializer

2025-05-26 22:04:42 [main] INFO  org.apache.kafka.common.telemetry.internals.KafkaMetricsCollector - initializing Kafka metrics collector
2025-05-26 22:04:42 [main] INFO  org.apache.kafka.common.utils.AppInfoParser - Kafka version: 3.8.1
2025-05-26 22:04:42 [main] INFO  org.apache.kafka.common.utils.AppInfoParser - Kafka commitId: 70d6ff42debf7e17
2025-05-26 22:04:42 [main] INFO  org.apache.kafka.common.utils.AppInfoParser - Kafka startTimeMs: 1748271882194
2025-05-26 22:04:42 [main] INFO  org.apache.kafka.clients.consumer.internals.LegacyKafkaConsumer - [Consumer clientId=consumer-demoRedisKafka-1, groupId=demoRedisKafka] Subscribed to topic(s): ACCOUNTS
2025-05-26 22:04:42 [main] INFO  com.lucas.worker.WorkerApplication - Started WorkerApplication in 1.799 seconds (process running for 2.396)
2025-05-26 22:04:42 [org.springframework.kafka.KafkaListenerEndpointContainer#0-0-C-1] INFO  org.apache.kafka.clients.Metadata - [Consumer clientId=consumer-demoRedisKafka-1, groupId=demoRedisKafka] Cluster ID: LelM2dIFQkiUFvXCEcqRWA
2025-05-26 22:04:42 [org.springframework.kafka.KafkaListenerEndpointContainer#0-0-C-1] INFO  org.apache.kafka.clients.consumer.internals.ConsumerCoordinator - [Consumer clientId=consumer-demoRedisKafka-1, groupId=demoRedisKafka] Discovered group coordinator 192.168.100.228:9193 (id: 2147483646 rack: null)
2025-05-26 22:04:42 [org.springframework.kafka.KafkaListenerEndpointContainer#0-0-C-1] INFO  org.apache.kafka.clients.consumer.internals.ConsumerCoordinator - [Consumer clientId=consumer-demoRedisKafka-1, groupId=demoRedisKafka] (Re-)joining group
2025-05-26 22:04:42 [org.springframework.kafka.KafkaListenerEndpointContainer#0-0-C-1] INFO  org.apache.kafka.clients.consumer.internals.ConsumerCoordinator - [Consumer clientId=consumer-demoRedisKafka-1, groupId=demoRedisKafka] Request joining group due to: need to re-join with the given member-id: consumer-demoRedisKafka-1-969230e9-c5f9-492a-b78a-2cd958acd49d
2025-05-26 22:04:42 [org.springframework.kafka.KafkaListenerEndpointContainer#0-0-C-1] INFO  org.apache.kafka.clients.consumer.internals.ConsumerCoordinator - [Consumer clientId=consumer-demoRedisKafka-1, groupId=demoRedisKafka] (Re-)joining group
2025-05-26 22:04:45 [org.springframework.kafka.KafkaListenerEndpointContainer#0-0-C-1] INFO  org.apache.kafka.clients.consumer.internals.ConsumerCoordinator - [Consumer clientId=consumer-demoRedisKafka-1, groupId=demoRedisKafka] Successfully joined group with generation Generation{generationId=85, memberId='consumer-demoRedisKafka-1-969230e9-c5f9-492a-b78a-2cd958acd49d', protocol='range'}
2025-05-26 22:04:45 [org.springframework.kafka.KafkaListenerEndpointContainer#0-0-C-1] INFO  org.apache.kafka.clients.consumer.internals.ConsumerCoordinator - [Consumer clientId=consumer-demoRedisKafka-1, groupId=demoRedisKafka] Finished assignment for group at generation 85: {consumer-demoRedisKafka-1-969230e9-c5f9-492a-b78a-2cd958acd49d=Assignment(partitions=[ACCOUNTS-0])}
2025-05-26 22:04:45 [org.springframework.kafka.KafkaListenerEndpointContainer#0-0-C-1] INFO  org.apache.kafka.clients.consumer.internals.ConsumerCoordinator - [Consumer clientId=consumer-demoRedisKafka-1, groupId=demoRedisKafka] Successfully synced group in generation Generation{generationId=85, memberId='consumer-demoRedisKafka-1-969230e9-c5f9-492a-b78a-2cd958acd49d', protocol='range'}
2025-05-26 22:04:45 [org.springframework.kafka.KafkaListenerEndpointContainer#0-0-C-1] INFO  org.apache.kafka.clients.consumer.internals.ConsumerCoordinator - [Consumer clientId=consumer-demoRedisKafka-1, groupId=demoRedisKafka] Notifying assignor about the new Assignment(partitions=[ACCOUNTS-0])
2025-05-26 22:04:45 [org.springframework.kafka.KafkaListenerEndpointContainer#0-0-C-1] INFO  org.apache.kafka.clients.consumer.internals.ConsumerRebalanceListenerInvoker - [Consumer clientId=consumer-demoRedisKafka-1, groupId=demoRedisKafka] Adding newly assigned partitions: ACCOUNTS-0
2025-05-26 22:04:45 [org.springframework.kafka.KafkaListenerEndpointContainer#0-0-C-1] INFO  org.apache.kafka.clients.consumer.internals.ConsumerUtils - Setting offset for partition ACCOUNTS-0 to the committed offset FetchPosition{offset=11, offsetEpoch=Optional.empty, currentLeader=LeaderAndEpoch{leader=Optional[192.168.100.228:9193 (id: 1 rack: null)], epoch=36}}
2025-05-26 22:04:45 [org.springframework.kafka.KafkaListenerEndpointContainer#0-0-C-1] INFO  org.springframework.kafka.listener.KafkaMessageListenerContainer - demoRedisKafka: partitions assigned: [ACCOUNTS-0]
2025-05-26 22:04:58 [org.springframework.kafka.KafkaListenerEndpointContainer#0-0-C-1] INFO  com.lucas.worker.consumer.WorkerConsumer - WorkerConsumer process key: ACCOUNT:20
2025-05-26 22:04:59 [org.springframework.kafka.KafkaListenerEndpointContainer#0-0-C-1] INFO  com.lucas.worker.consumer.WorkerConsumer - Entity: null
