2025-06-02 15:49:50 [background-preinit] INFO  o.h.v.i.u.Version                                  - HV000001: Hibernate Validator 8.0.2.Final 
2025-06-02 15:49:50 [main] INFO  c.l.s.ServiceApplication                           - Starting ServiceApplication using Java 21.0.7 with PID 67382 (/Users/phuclequang/Documents/2-ATM/DemoRedisKafka/Service/target/classes started by phuclequang in /Users/phuclequang/Documents/2-ATM/DemoRedisKafka) 
2025-06-02 15:49:50 [main] INFO  c.l.s.ServiceApplication                           - No active profile set, falling back to 1 default profile: "default" 
2025-06-02 15:49:50 [main] INFO  o.s.d.r.c.RepositoryConfigurationDelegate          - Bootstrapping Spring Data JPA repositories in DEFAULT mode. 
2025-06-02 15:49:50 [main] INFO  o.s.d.r.c.RepositoryConfigurationDelegate          - Finished Spring Data repository scanning in 19 ms. Found 1 JPA repository interface. 
2025-06-02 15:49:51 [main] INFO  o.s.b.w.e.t.TomcatWebServer                        - Tomcat initialized with port 1122 (http) 
2025-06-02 15:49:51 [main] INFO  o.a.c.h.Http11NioProtocol                          - Initializing ProtocolHandler ["http-nio-1122"] 
2025-06-02 15:49:51 [main] INFO  o.a.c.c.StandardService                            - Starting service [Tomcat] 
2025-06-02 15:49:51 [main] INFO  o.a.c.c.StandardEngine                             - Starting Servlet engine: [Apache Tomcat/10.1.40] 
2025-06-02 15:49:51 [main] INFO  o.a.c.c.C.[.[.[/]                                  - Initializing Spring embedded WebApplicationContext 
2025-06-02 15:49:51 [main] INFO  o.s.b.w.s.c.ServletWebServerApplicationContext     - Root WebApplicationContext: initialization completed in 550 ms 
2025-06-02 15:49:51 [main] INFO  o.h.j.i.u.LogHelper                                - HHH000204: Processing PersistenceUnitInfo [name: default] 
2025-06-02 15:49:51 [main] INFO  o.h.Version                                        - HHH000412: Hibernate ORM core version 6.6.13.Final 
2025-06-02 15:49:51 [main] INFO  o.h.c.i.RegionFactoryInitiator                     - HHH000026: Second-level cache disabled 
2025-06-02 15:49:51 [main] INFO  o.s.o.j.p.SpringPersistenceUnitInfo                - No LoadTimeWeaver setup: ignoring JPA class transformer 
2025-06-02 15:49:51 [main] INFO  c.z.h.HikariDataSource                             - HikariPool-1 - Starting... 
2025-06-02 15:49:51 [main] INFO  c.z.h.p.HikariPool                                 - HikariPool-1 - Added connection com.mysql.cj.jdbc.ConnectionImpl@116915f1 
2025-06-02 15:49:51 [main] INFO  c.z.h.HikariDataSource                             - HikariPool-1 - Start completed. 
2025-06-02 15:49:51 [main] WARN  o.h.o.deprecation                                  - HHH90000025: MySQL8Dialect does not need to be specified explicitly using 'hibernate.dialect' (remove the property setting and it will be selected by default) 
2025-06-02 15:49:51 [main] WARN  o.h.o.deprecation                                  - HHH90000026: MySQL8Dialect has been deprecated; use org.hibernate.dialect.MySQLDialect instead 
2025-06-02 15:49:51 [main] INFO  o.h.o.c.pooling                                    - HHH10001005: Database info:
	Database JDBC URL [Connecting through datasource 'HikariDataSource (HikariPool-1)']
	Database driver: undefined/unknown
	Database version: 8.0
	Autocommit mode: undefined/unknown
	Isolation level: undefined/unknown
	Minimum pool size: undefined/unknown
	Maximum pool size: undefined/unknown 
2025-06-02 15:49:51 [main] INFO  o.h.e.t.j.p.i.JtaPlatformInitiator                 - HHH000489: No JTA platform available (set 'hibernate.transaction.jta.platform' to enable JTA platform integration) 
2025-06-02 15:49:51 [main] INFO  o.s.o.j.LocalContainerEntityManagerFactoryBean     - Initialized JPA EntityManagerFactory for persistence unit 'default' 
2025-06-02 15:49:52 [main] DEBUG o.s.b.c.p.s.ConfigurationPropertySourcesPropertyResolver$DefaultResolver - Found key 'jwt.expire.refreshToken' in PropertySource 'Config resource 'class path resource [application.yaml]' via location 'optional:classpath:/'' with value of type Integer 
2025-06-02 15:49:52 [main] WARN  o.s.b.a.o.j.JpaBaseConfiguration$JpaWebConfiguration - spring.jpa.open-in-view is enabled by default. Therefore, database queries may be performed during view rendering. Explicitly configure spring.jpa.open-in-view to disable this warning 
2025-06-02 15:49:52 [main] WARN  o.s.b.a.s.s.UserDetailsServiceAutoConfiguration    - 

Using generated security password: 20ac4d61-8132-46c9-afdf-cb7ebc80dc7b

This generated password is for development use only. Your security configuration must be updated before running your application in production.
 
2025-06-02 15:49:52 [main] INFO  o.s.s.c.a.a.c.InitializeUserDetailsBeanManagerConfigurer$InitializeUserDetailsManagerConfigurer - Global AuthenticationManager configured with UserDetailsService bean with name inMemoryUserDetailsManager 
2025-06-02 15:49:52 [main] INFO  o.a.k.c.c.ConsumerConfig                           - ConsumerConfig values: 
	allow.auto.create.topics = true
	auto.commit.interval.ms = 5000
	auto.include.jmx.reporter = true
	auto.offset.reset = latest
	bootstrap.servers = [192.168.1.108:9193]
	check.crcs = true
	client.dns.lookup = use_all_dns_ips
	client.id = consumer-synchronous-kafka-group-1
	client.rack = 
	connections.max.idle.ms = 540000
	default.api.timeout.ms = 60000
	enable.auto.commit = false
	enable.metrics.push = true
	exclude.internal.topics = true
	fetch.max.bytes = 52428800
	fetch.max.wait.ms = 500
	fetch.min.bytes = 1
	group.id = synchronous-kafka-group
	group.instance.id = null
	group.protocol = classic
	group.remote.assignor = null
	heartbeat.interval.ms = 3000
	interceptor.classes = []
	internal.leave.group.on.close = true
	internal.throw.on.fetch.stable.offset.unsupported = false
	isolation.level = read_uncommitted
	key.deserializer = class org.apache.kafka.common.serialization.StringDeserializer
	max.partition.fetch.bytes = 1048576
	max.poll.interval.ms = 300000
	max.poll.records = 500
	metadata.max.age.ms = 300000
	metadata.recovery.strategy = none
	metric.reporters = []
	metrics.num.samples = 2
	metrics.recording.level = INFO
	metrics.sample.window.ms = 30000
	partition.assignment.strategy = [class org.apache.kafka.clients.consumer.RangeAssignor, class org.apache.kafka.clients.consumer.CooperativeStickyAssignor]
	receive.buffer.bytes = 65536
	reconnect.backoff.max.ms = 1000
	reconnect.backoff.ms = 50
	request.timeout.ms = 30000
	retry.backoff.max.ms = 1000
	retry.backoff.ms = 100
	sasl.client.callback.handler.class = null
	sasl.jaas.config = null
	sasl.kerberos.kinit.cmd = /usr/bin/kinit
	sasl.kerberos.min.time.before.relogin = 60000
	sasl.kerberos.service.name = null
	sasl.kerberos.ticket.renew.jitter = 0.05
	sasl.kerberos.ticket.renew.window.factor = 0.8
	sasl.login.callback.handler.class = null
	sasl.login.class = null
	sasl.login.connect.timeout.ms = null
	sasl.login.read.timeout.ms = null
	sasl.login.refresh.buffer.seconds = 300
	sasl.login.refresh.min.period.seconds = 60
	sasl.login.refresh.window.factor = 0.8
	sasl.login.refresh.window.jitter = 0.05
	sasl.login.retry.backoff.max.ms = 10000
	sasl.login.retry.backoff.ms = 100
	sasl.mechanism = GSSAPI
	sasl.oauthbearer.clock.skew.seconds = 30
	sasl.oauthbearer.expected.audience = null
	sasl.oauthbearer.expected.issuer = null
	sasl.oauthbearer.jwks.endpoint.refresh.ms = 3600000
	sasl.oauthbearer.jwks.endpoint.retry.backoff.max.ms = 10000
	sasl.oauthbearer.jwks.endpoint.retry.backoff.ms = 100
	sasl.oauthbearer.jwks.endpoint.url = null
	sasl.oauthbearer.scope.claim.name = scope
	sasl.oauthbearer.sub.claim.name = sub
	sasl.oauthbearer.token.endpoint.url = null
	security.protocol = PLAINTEXT
	security.providers = null
	send.buffer.bytes = 131072
	session.timeout.ms = 45000
	socket.connection.setup.timeout.max.ms = 30000
	socket.connection.setup.timeout.ms = 10000
	ssl.cipher.suites = null
	ssl.enabled.protocols = [TLSv1.2, TLSv1.3]
	ssl.endpoint.identification.algorithm = https
	ssl.engine.factory.class = null
	ssl.key.password = null
	ssl.keymanager.algorithm = SunX509
	ssl.keystore.certificate.chain = null
	ssl.keystore.key = null
	ssl.keystore.location = null
	ssl.keystore.password = null
	ssl.keystore.type = JKS
	ssl.protocol = TLSv1.3
	ssl.provider = null
	ssl.secure.random.implementation = null
	ssl.trustmanager.algorithm = PKIX
	ssl.truststore.certificates = null
	ssl.truststore.location = null
	ssl.truststore.password = null
	ssl.truststore.type = JKS
	value.deserializer = class org.springframework.kafka.support.serializer.JsonDeserializer
 
2025-06-02 15:49:52 [main] INFO  o.a.k.c.t.i.KafkaMetricsCollector                  - initializing Kafka metrics collector 
2025-06-02 15:49:52 [main] INFO  o.a.k.c.u.AppInfoParser                            - Kafka version: 3.8.1 
2025-06-02 15:49:52 [main] INFO  o.a.k.c.u.AppInfoParser                            - Kafka commitId: 70d6ff42debf7e17 
2025-06-02 15:49:52 [main] INFO  o.a.k.c.u.AppInfoParser                            - Kafka startTimeMs: 1748854192517 
2025-06-02 15:49:52 [main] INFO  o.a.k.c.c.i.LegacyKafkaConsumer                    - [Consumer clientId=consumer-synchronous-kafka-group-1, groupId=synchronous-kafka-group] Subscribed to topic(s): dispatch-response 
2025-06-02 15:49:52 [main] INFO  o.a.c.h.Http11NioProtocol                          - Starting ProtocolHandler ["http-nio-1122"] 
2025-06-02 15:49:52 [main] INFO  o.s.b.w.e.t.TomcatWebServer                        - Tomcat started on port 1122 (http) with context path '/' 
2025-06-02 15:49:52 [main] INFO  c.l.s.ServiceApplication                           - Started ServiceApplication in 2.181 seconds (process running for 4.388) 
2025-06-02 15:49:52 [kafkaMessageListenerContainer-C-1] INFO  o.a.k.c.Metadata                                   - [Consumer clientId=consumer-synchronous-kafka-group-1, groupId=synchronous-kafka-group] Cluster ID: LelM2dIFQkiUFvXCEcqRWA 
2025-06-02 15:49:52 [kafkaMessageListenerContainer-C-1] INFO  o.a.k.c.c.i.ConsumerCoordinator                    - [Consumer clientId=consumer-synchronous-kafka-group-1, groupId=synchronous-kafka-group] Discovered group coordinator 192.168.1.108:9193 (id: 2147483646 rack: null) 
2025-06-02 15:49:52 [kafkaMessageListenerContainer-C-1] INFO  o.a.k.c.c.i.ConsumerCoordinator                    - [Consumer clientId=consumer-synchronous-kafka-group-1, groupId=synchronous-kafka-group] (Re-)joining group 
2025-06-02 15:49:52 [kafkaMessageListenerContainer-C-1] INFO  o.a.k.c.c.i.ConsumerCoordinator                    - [Consumer clientId=consumer-synchronous-kafka-group-1, groupId=synchronous-kafka-group] Request joining group due to: need to re-join with the given member-id: consumer-synchronous-kafka-group-1-c396d819-6c68-46d1-9692-0666e5565d74 
2025-06-02 15:49:52 [kafkaMessageListenerContainer-C-1] INFO  o.a.k.c.c.i.ConsumerCoordinator                    - [Consumer clientId=consumer-synchronous-kafka-group-1, groupId=synchronous-kafka-group] (Re-)joining group 
2025-06-02 15:49:55 [kafkaMessageListenerContainer-C-1] INFO  o.a.k.c.c.i.ConsumerCoordinator                    - [Consumer clientId=consumer-synchronous-kafka-group-1, groupId=synchronous-kafka-group] Successfully joined group with generation Generation{generationId=12, memberId='consumer-synchronous-kafka-group-1-c396d819-6c68-46d1-9692-0666e5565d74', protocol='range'} 
2025-06-02 15:49:55 [kafkaMessageListenerContainer-C-1] INFO  o.a.k.c.c.i.ConsumerCoordinator                    - [Consumer clientId=consumer-synchronous-kafka-group-1, groupId=synchronous-kafka-group] Finished assignment for group at generation 12: {consumer-synchronous-kafka-group-1-c5dca574-2e8b-4bf5-b295-142ae38297a4=Assignment(partitions=[dispatch-request-0]), consumer-synchronous-kafka-group-1-c396d819-6c68-46d1-9692-0666e5565d74=Assignment(partitions=[dispatch-response-0])} 
2025-06-02 15:49:55 [kafkaMessageListenerContainer-C-1] INFO  o.a.k.c.c.i.ConsumerCoordinator                    - [Consumer clientId=consumer-synchronous-kafka-group-1, groupId=synchronous-kafka-group] Successfully synced group in generation Generation{generationId=12, memberId='consumer-synchronous-kafka-group-1-c396d819-6c68-46d1-9692-0666e5565d74', protocol='range'} 
2025-06-02 15:49:55 [kafkaMessageListenerContainer-C-1] INFO  o.a.k.c.c.i.ConsumerCoordinator                    - [Consumer clientId=consumer-synchronous-kafka-group-1, groupId=synchronous-kafka-group] Notifying assignor about the new Assignment(partitions=[dispatch-response-0]) 
2025-06-02 15:49:55 [kafkaMessageListenerContainer-C-1] INFO  o.a.k.c.c.i.ConsumerRebalanceListenerInvoker       - [Consumer clientId=consumer-synchronous-kafka-group-1, groupId=synchronous-kafka-group] Adding newly assigned partitions: dispatch-response-0 
2025-06-02 15:49:55 [kafkaMessageListenerContainer-C-1] INFO  o.a.k.c.c.i.ConsumerUtils                          - Setting offset for partition dispatch-response-0 to the committed offset FetchPosition{offset=1, offsetEpoch=Optional.empty, currentLeader=LeaderAndEpoch{leader=Optional[192.168.1.108:9193 (id: 1 rack: null)], epoch=3}} 
2025-06-02 15:49:55 [kafkaMessageListenerContainer-C-1] INFO  o.s.k.l.KafkaMessageListenerContainer              - synchronous-kafka-group: partitions assigned: [dispatch-response-0] 
2025-06-02 15:51:43 [kafkaMessageListenerContainer-C-1] INFO  o.a.k.c.c.i.ConsumerRebalanceListenerInvoker       - [Consumer clientId=consumer-synchronous-kafka-group-1, groupId=synchronous-kafka-group] Revoke previously assigned partitions dispatch-response-0 
2025-06-02 15:51:43 [kafkaMessageListenerContainer-C-1] INFO  o.s.k.l.KafkaMessageListenerContainer              - synchronous-kafka-group: partitions revoked: [dispatch-response-0] 
2025-06-02 15:51:43 [kafkaMessageListenerContainer-C-1] INFO  o.a.k.c.c.i.ConsumerCoordinator                    - [Consumer clientId=consumer-synchronous-kafka-group-1, groupId=synchronous-kafka-group] Member consumer-synchronous-kafka-group-1-c396d819-6c68-46d1-9692-0666e5565d74 sending LeaveGroup request to coordinator 192.168.1.108:9193 (id: 2147483646 rack: null) due to the consumer unsubscribed from all topics 
2025-06-02 15:51:43 [kafkaMessageListenerContainer-C-1] INFO  o.a.k.c.c.i.ConsumerCoordinator                    - [Consumer clientId=consumer-synchronous-kafka-group-1, groupId=synchronous-kafka-group] Resetting generation and member id due to: consumer pro-actively leaving the group 
2025-06-02 15:51:43 [kafkaMessageListenerContainer-C-1] INFO  o.a.k.c.c.i.ConsumerCoordinator                    - [Consumer clientId=consumer-synchronous-kafka-group-1, groupId=synchronous-kafka-group] Request joining group due to: consumer pro-actively leaving the group 
2025-06-02 15:51:43 [kafkaMessageListenerContainer-C-1] INFO  o.a.k.c.c.i.LegacyKafkaConsumer                    - [Consumer clientId=consumer-synchronous-kafka-group-1, groupId=synchronous-kafka-group] Unsubscribed all topics or patterns and assigned partitions 
2025-06-02 15:51:43 [kafkaMessageListenerContainer-C-1] INFO  o.a.k.c.c.i.ConsumerCoordinator                    - [Consumer clientId=consumer-synchronous-kafka-group-1, groupId=synchronous-kafka-group] Resetting generation and member id due to: consumer pro-actively leaving the group 
2025-06-02 15:51:43 [kafkaMessageListenerContainer-C-1] INFO  o.a.k.c.c.i.ConsumerCoordinator                    - [Consumer clientId=consumer-synchronous-kafka-group-1, groupId=synchronous-kafka-group] Request joining group due to: consumer pro-actively leaving the group 
2025-06-02 15:51:44 [kafkaMessageListenerContainer-C-1] INFO  o.a.k.c.m.Metrics                                  - Metrics scheduler closed 
2025-06-02 15:51:44 [kafkaMessageListenerContainer-C-1] INFO  o.a.k.c.m.Metrics                                  - Closing reporter org.apache.kafka.common.metrics.JmxReporter 
2025-06-02 15:51:44 [kafkaMessageListenerContainer-C-1] INFO  o.a.k.c.m.Metrics                                  - Closing reporter org.apache.kafka.common.telemetry.internals.ClientTelemetryReporter 
2025-06-02 15:51:44 [kafkaMessageListenerContainer-C-1] INFO  o.a.k.c.m.Metrics                                  - Metrics reporters closed 
2025-06-02 15:51:44 [kafkaMessageListenerContainer-C-1] INFO  o.a.k.c.u.AppInfoParser                            - App info kafka.consumer for consumer-synchronous-kafka-group-1 unregistered 
2025-06-02 15:51:44 [kafkaMessageListenerContainer-C-1] INFO  o.s.k.l.KafkaMessageListenerContainer              - synchronous-kafka-group: Consumer stopped 
2025-06-02 15:51:44 [SpringApplicationShutdownHook] INFO  o.s.b.w.e.t.GracefulShutdown                       - Commencing graceful shutdown. Waiting for active requests to complete 
2025-06-02 15:51:44 [tomcat-shutdown] INFO  o.s.b.w.e.t.GracefulShutdown                       - Graceful shutdown complete 
2025-06-02 15:51:44 [SpringApplicationShutdownHook] INFO  o.s.o.j.LocalContainerEntityManagerFactoryBean     - Closing JPA EntityManagerFactory for persistence unit 'default' 
2025-06-02 15:51:44 [SpringApplicationShutdownHook] INFO  c.z.h.HikariDataSource                             - HikariPool-1 - Shutdown initiated... 
2025-06-02 15:51:44 [SpringApplicationShutdownHook] INFO  c.z.h.HikariDataSource                             - HikariPool-1 - Shutdown completed. 
