2025-05-26 23:04:50 [main] INFO  c.l.c.CommonApplication                            - Starting CommonApplication using Java 21.0.7 with PID 70751 (/Users/phuclequang/Documents/2-ATM/DemoRedisKafka/Common/target/classes started by phuclequang in /Users/phuclequang/Documents/2-ATM/DemoRedisKafka) 
2025-05-26 23:04:50 [main] INFO  c.l.c.CommonApplication                            - No active profile set, falling back to 1 default profile: "default" 
2025-05-26 23:04:50 [main] INFO  o.s.d.r.c.RepositoryConfigurationDelegate          - Multiple Spring Data modules found, entering strict repository configuration mode 
2025-05-26 23:04:50 [main] INFO  o.s.d.r.c.RepositoryConfigurationDelegate          - Bootstrapping Spring Data Redis repositories in DEFAULT mode. 
2025-05-26 23:04:50 [main] INFO  o.s.d.r.c.RepositoryConfigurationDelegate          - Finished Spring Data repository scanning in 4 ms. Found 0 Redis repository interfaces. 
2025-05-26 23:04:50 [main] WARN  o.s.c.a.AnnotationConfigApplicationContext         - Exception encountered during context initialization - cancelling refresh attempt: org.springframework.beans.factory.BeanCreationException: Error creating bean with name 'redisUtils' defined in file [/Users/phuclequang/Documents/2-ATM/DemoRedisKafka/Common/target/classes/com/lucas/common/utils/RedisUtils.class]: Post-processing of merged bean definition failed 
2025-05-26 23:04:50 [main] INFO  o.s.b.a.l.ConditionEvaluationReportLogger          - 

Error starting ApplicationContext. To display the condition evaluation report re-run your application with 'debug' enabled. 
2025-05-26 23:04:50 [main] ERROR o.s.b.SpringApplication                            - Application run failed 
org.springframework.beans.factory.BeanCreationException: Error creating bean with name 'redisUtils' defined in file [/Users/phuclequang/Documents/2-ATM/DemoRedisKafka/Common/target/classes/com/lucas/common/utils/RedisUtils.class]: Post-processing of merged bean definition failed
	at org.springframework.beans.factory.support.AbstractAutowireCapableBeanFactory.doCreateBean(AbstractAutowireCapableBeanFactory.java:584) ~[spring-beans-6.2.7.jar:6.2.7]
	at org.springframework.beans.factory.support.AbstractAutowireCapableBeanFactory.createBean(AbstractAutowireCapableBeanFactory.java:529) ~[spring-beans-6.2.7.jar:6.2.7]
	at org.springframework.beans.factory.support.AbstractBeanFactory.lambda$doGetBean$0(AbstractBeanFactory.java:339) ~[spring-beans-6.2.7.jar:6.2.7]
	at org.springframework.beans.factory.support.DefaultSingletonBeanRegistry.getSingleton(DefaultSingletonBeanRegistry.java:373) ~[spring-beans-6.2.7.jar:6.2.7]
	at org.springframework.beans.factory.support.AbstractBeanFactory.doGetBean(AbstractBeanFactory.java:337) ~[spring-beans-6.2.7.jar:6.2.7]
	at org.springframework.beans.factory.support.AbstractBeanFactory.getBean(AbstractBeanFactory.java:202) ~[spring-beans-6.2.7.jar:6.2.7]
	at org.springframework.beans.factory.support.DefaultListableBeanFactory.instantiateSingleton(DefaultListableBeanFactory.java:1222) ~[spring-beans-6.2.7.jar:6.2.7]
	at org.springframework.beans.factory.support.DefaultListableBeanFactory.preInstantiateSingleton(DefaultListableBeanFactory.java:1188) ~[spring-beans-6.2.7.jar:6.2.7]
	at org.springframework.beans.factory.support.DefaultListableBeanFactory.preInstantiateSingletons(DefaultListableBeanFactory.java:1123) ~[spring-beans-6.2.7.jar:6.2.7]
	at org.springframework.context.support.AbstractApplicationContext.finishBeanFactoryInitialization(AbstractApplicationContext.java:987) ~[spring-context-6.2.7.jar:6.2.7]
	at org.springframework.context.support.AbstractApplicationContext.refresh(AbstractApplicationContext.java:627) ~[spring-context-6.2.7.jar:6.2.7]
	at org.springframework.boot.SpringApplication.refresh(SpringApplication.java:753) [spring-boot-3.5.0.jar:3.5.0]
	at org.springframework.boot.SpringApplication.refreshContext(SpringApplication.java:439) [spring-boot-3.5.0.jar:3.5.0]
	at org.springframework.boot.SpringApplication.run(SpringApplication.java:318) [spring-boot-3.5.0.jar:3.5.0]
	at org.springframework.boot.SpringApplication.run(SpringApplication.java:1362) [spring-boot-3.5.0.jar:3.5.0]
	at org.springframework.boot.SpringApplication.run(SpringApplication.java:1351) [spring-boot-3.5.0.jar:3.5.0]
	at com.lucas.common.CommonApplication.main(CommonApplication.java:10) [classes/:?]
Caused by: java.lang.IllegalStateException: @Resource annotation is not supported on static fields
	at org.springframework.context.annotation.CommonAnnotationBeanPostProcessor.lambda$buildResourceMetadata$0(CommonAnnotationBeanPostProcessor.java:441) ~[spring-context-6.2.7.jar:6.2.7]
	at org.springframework.util.ReflectionUtils.doWithLocalFields(ReflectionUtils.java:691) ~[spring-core-6.2.7.jar:6.2.7]
	at org.springframework.context.annotation.CommonAnnotationBeanPostProcessor.buildResourceMetadata(CommonAnnotationBeanPostProcessor.java:432) ~[spring-context-6.2.7.jar:6.2.7]
	at org.springframework.context.annotation.CommonAnnotationBeanPostProcessor.findResourceMetadata(CommonAnnotationBeanPostProcessor.java:413) ~[spring-context-6.2.7.jar:6.2.7]
	at org.springframework.context.annotation.CommonAnnotationBeanPostProcessor.postProcessMergedBeanDefinition(CommonAnnotationBeanPostProcessor.java:313) ~[spring-context-6.2.7.jar:6.2.7]
	at org.springframework.beans.factory.support.AbstractAutowireCapableBeanFactory.applyMergedBeanDefinitionPostProcessors(AbstractAutowireCapableBeanFactory.java:1123) ~[spring-beans-6.2.7.jar:6.2.7]
	at org.springframework.beans.factory.support.AbstractAutowireCapableBeanFactory.doCreateBean(AbstractAutowireCapableBeanFactory.java:581) ~[spring-beans-6.2.7.jar:6.2.7]
	... 16 more
